[2021-02-01 16:44:33] local.ERROR: Method Illuminate\Database\Schema\Blueprint::int does not exist. {"exception":"[object] (BadMethodCallException(code: 0): Method Illuminate\\Database\\Schema\\Blueprint::int does not exist. at /var/www/html/laraveles/appTiendaMovilesReparacion/vendor/laravel/framework/src/Illuminate/Macroable/Traits/Macroable.php:103)
[stacktrace]
#0 /var/www/html/laraveles/appTiendaMovilesReparacion/database/migrations/2021_02_01_163600_create_table_movil.php(23): Illuminate\\Database\\Schema\\Blueprint->__call()
#1 /var/www/html/laraveles/appTiendaMovilesReparacion/vendor/laravel/framework/src/Illuminate/Database/Schema/Builder.php(221): CreateTableMovil->{closure}()
#2 /var/www/html/laraveles/appTiendaMovilesReparacion/vendor/laravel/framework/src/Illuminate/Support/helpers.php(263): Illuminate\\Database\\Schema\\Builder->Illuminate\\Database\\Schema\\{closure}()
#3 /var/www/html/laraveles/appTiendaMovilesReparacion/vendor/laravel/framework/src/Illuminate/Database/Schema/Builder.php(222): tap()
#4 /var/www/html/laraveles/appTiendaMovilesReparacion/vendor/laravel/framework/src/Illuminate/Support/Facades/Facade.php(261): Illuminate\\Database\\Schema\\Builder->create()
#5 /var/www/html/laraveles/appTiendaMovilesReparacion/database/migrations/2021_02_01_163600_create_table_movil.php(24): Illuminate\\Support\\Facades\\Facade::__callStatic()
#6 /var/www/html/laraveles/appTiendaMovilesReparacion/vendor/laravel/framework/src/Illuminate/Database/Migrations/Migrator.php(392): CreateTableMovil->up()
#7 /var/www/html/laraveles/appTiendaMovilesReparacion/vendor/laravel/framework/src/Illuminate/Database/Migrations/Migrator.php(401): Illuminate\\Database\\Migrations\\Migrator->Illuminate\\Database\\Migrations\\{closure}()
#8 /var/www/html/laraveles/appTiendaMovilesReparacion/vendor/laravel/framework/src/Illuminate/Database/Migrations/Migrator.php(200): Illuminate\\Database\\Migrations\\Migrator->runMigration()
#9 /var/www/html/laraveles/appTiendaMovilesReparacion/vendor/laravel/framework/src/Illuminate/Database/Migrations/Migrator.php(165): Illuminate\\Database\\Migrations\\Migrator->runUp()
#10 /var/www/html/laraveles/appTiendaMovilesReparacion/vendor/laravel/framework/src/Illuminate/Database/Migrations/Migrator.php(110): Illuminate\\Database\\Migrations\\Migrator->runPending()
#11 /var/www/html/laraveles/appTiendaMovilesReparacion/vendor/laravel/framework/src/Illuminate/Database/Console/Migrations/MigrateCommand.php(85): Illuminate\\Database\\Migrations\\Migrator->run()
#12 /var/www/html/laraveles/appTiendaMovilesReparacion/vendor/laravel/framework/src/Illuminate/Database/Migrations/Migrator.php(541): Illuminate\\Database\\Console\\Migrations\\MigrateCommand->Illuminate\\Database\\Console\\Migrations\\{closure}()
#13 /var/www/html/laraveles/appTiendaMovilesReparacion/vendor/laravel/framework/src/Illuminate/Database/Console/Migrations/MigrateCommand.php(94): Illuminate\\Database\\Migrations\\Migrator->usingConnection()
#14 /var/www/html/laraveles/appTiendaMovilesReparacion/vendor/laravel/framework/src/Illuminate/Container/BoundMethod.php(36): Illuminate\\Database\\Console\\Migrations\\MigrateCommand->handle()
#15 /var/www/html/laraveles/appTiendaMovilesReparacion/vendor/laravel/framework/src/Illuminate/Container/Util.php(40): Illuminate\\Container\\BoundMethod::Illuminate\\Container\\{closure}()
#16 /var/www/html/laraveles/appTiendaMovilesReparacion/vendor/laravel/framework/src/Illuminate/Container/BoundMethod.php(93): Illuminate\\Container\\Util::unwrapIfClosure()
#17 /var/www/html/laraveles/appTiendaMovilesReparacion/vendor/laravel/framework/src/Illuminate/Container/BoundMethod.php(37): Illuminate\\Container\\BoundMethod::callBoundMethod()
#18 /var/www/html/laraveles/appTiendaMovilesReparacion/vendor/laravel/framework/src/Illuminate/Container/Container.php(610): Illuminate\\Container\\BoundMethod::call()
#19 /var/www/html/laraveles/appTiendaMovilesReparacion/vendor/laravel/framework/src/Illuminate/Console/Command.php(136): Illuminate\\Container\\Container->call()
#20 /var/www/html/laraveles/appTiendaMovilesReparacion/vendor/symfony/console/Command/Command.php(256): Illuminate\\Console\\Command->execute()
#21 /var/www/html/laraveles/appTiendaMovilesReparacion/vendor/laravel/framework/src/Illuminate/Console/Command.php(121): Symfony\\Component\\Console\\Command\\Command->run()
#22 /var/www/html/laraveles/appTiendaMovilesReparacion/vendor/symfony/console/Application.php(971): Illuminate\\Console\\Command->run()
#23 /var/www/html/laraveles/appTiendaMovilesReparacion/vendor/symfony/console/Application.php(290): Symfony\\Component\\Console\\Application->doRunCommand()
#24 /var/www/html/laraveles/appTiendaMovilesReparacion/vendor/symfony/console/Application.php(166): Symfony\\Component\\Console\\Application->doRun()
#25 /var/www/html/laraveles/appTiendaMovilesReparacion/vendor/laravel/framework/src/Illuminate/Console/Application.php(93): Symfony\\Component\\Console\\Application->run()
#26 /var/www/html/laraveles/appTiendaMovilesReparacion/vendor/laravel/framework/src/Illuminate/Foundation/Console/Kernel.php(129): Illuminate\\Console\\Application->run()
#27 /var/www/html/laraveles/appTiendaMovilesReparacion/artisan(37): Illuminate\\Foundation\\Console\\Kernel->handle()
#28 {main}
"} 
[2021-02-02 19:56:49] local.ERROR: Call to a member function update() on null {"exception":"[object] (Error(code: 0): Call to a member function update() on null at /var/www/html/laraveles/appTiendaMovilesReparacion/app/Http/Controllers/MovilController.php:48)
[stacktrace]
#0 /var/www/html/laraveles/appTiendaMovilesReparacion/vendor/laravel/framework/src/Illuminate/Routing/Controller.php(54): App\\Http\\Controllers\\MovilController->update()
#1 /var/www/html/laraveles/appTiendaMovilesReparacion/vendor/laravel/framework/src/Illuminate/Routing/ControllerDispatcher.php(45): Illuminate\\Routing\\Controller->callAction()
#2 /var/www/html/laraveles/appTiendaMovilesReparacion/vendor/laravel/framework/src/Illuminate/Routing/Route.php(254): Illuminate\\Routing\\ControllerDispatcher->dispatch()
#3 /var/www/html/laraveles/appTiendaMovilesReparacion/vendor/laravel/framework/src/Illuminate/Routing/Route.php(197): Illuminate\\Routing\\Route->runController()
#4 /var/www/html/laraveles/appTiendaMovilesReparacion/vendor/laravel/framework/src/Illuminate/Routing/Router.php(693): Illuminate\\Routing\\Route->run()
#5 /var/www/html/laraveles/appTiendaMovilesReparacion/vendor/laravel/framework/src/Illuminate/Pipeline/Pipeline.php(128): Illuminate\\Routing\\Router->Illuminate\\Routing\\{closure}()
#6 /var/www/html/laraveles/appTiendaMovilesReparacion/vendor/laravel/framework/src/Illuminate/Routing/Middleware/SubstituteBindings.php(41): Illuminate\\Pipeline\\Pipeline->Illuminate\\Pipeline\\{closure}()
#7 /var/www/html/laraveles/appTiendaMovilesReparacion/vendor/laravel/framework/src/Illuminate/Pipeline/Pipeline.php(167): Illuminate\\Routing\\Middleware\\SubstituteBindings->handle()
#8 /var/www/html/laraveles/appTiendaMovilesReparacion/vendor/laravel/framework/src/Illuminate/Routing/Middleware/ThrottleRequests.php(127): Illuminate\\Pipeline\\Pipeline->Illuminate\\Pipeline\\{closure}()
#9 /var/www/html/laraveles/appTiendaMovilesReparacion/vendor/laravel/framework/src/Illuminate/Routing/Middleware/ThrottleRequests.php(103): Illuminate\\Routing\\Middleware\\ThrottleRequests->handleRequest()
#10 /var/www/html/laraveles/appTiendaMovilesReparacion/vendor/laravel/framework/src/Illuminate/Routing/Middleware/ThrottleRequests.php(55): Illuminate\\Routing\\Middleware\\ThrottleRequests->handleRequestUsingNamedLimiter()
#11 /var/www/html/laraveles/appTiendaMovilesReparacion/vendor/laravel/framework/src/Illuminate/Pipeline/Pipeline.php(167): Illuminate\\Routing\\Middleware\\ThrottleRequests->handle()
#12 /var/www/html/laraveles/appTiendaMovilesReparacion/vendor/laravel/framework/src/Illuminate/Pipeline/Pipeline.php(103): Illuminate\\Pipeline\\Pipeline->Illuminate\\Pipeline\\{closure}()
#13 /var/www/html/laraveles/appTiendaMovilesReparacion/vendor/laravel/framework/src/Illuminate/Routing/Router.php(695): Illuminate\\Pipeline\\Pipeline->then()
#14 /var/www/html/laraveles/appTiendaMovilesReparacion/vendor/laravel/framework/src/Illuminate/Routing/Router.php(670): Illuminate\\Routing\\Router->runRouteWithinStack()
#15 /var/www/html/laraveles/appTiendaMovilesReparacion/vendor/laravel/framework/src/Illuminate/Routing/Router.php(636): Illuminate\\Routing\\Router->runRoute()
#16 /var/www/html/laraveles/appTiendaMovilesReparacion/vendor/laravel/framework/src/Illuminate/Routing/Router.php(625): Illuminate\\Routing\\Router->dispatchToRoute()
#17 /var/www/html/laraveles/appTiendaMovilesReparacion/vendor/laravel/framework/src/Illuminate/Foundation/Http/Kernel.php(166): Illuminate\\Routing\\Router->dispatch()
#18 /var/www/html/laraveles/appTiendaMovilesReparacion/vendor/laravel/framework/src/Illuminate/Pipeline/Pipeline.php(128): Illuminate\\Foundation\\Http\\Kernel->Illuminate\\Foundation\\Http\\{closure}()
#19 /var/www/html/laraveles/appTiendaMovilesReparacion/vendor/laravel/framework/src/Illuminate/Foundation/Http/Middleware/TransformsRequest.php(21): Illuminate\\Pipeline\\Pipeline->Illuminate\\Pipeline\\{closure}()
#20 /var/www/html/laraveles/appTiendaMovilesReparacion/vendor/laravel/framework/src/Illuminate/Pipeline/Pipeline.php(167): Illuminate\\Foundation\\Http\\Middleware\\TransformsRequest->handle()
#21 /var/www/html/laraveles/appTiendaMovilesReparacion/vendor/laravel/framework/src/Illuminate/Foundation/Http/Middleware/TransformsRequest.php(21): Illuminate\\Pipeline\\Pipeline->Illuminate\\Pipeline\\{closure}()
#22 /var/www/html/laraveles/appTiendaMovilesReparacion/vendor/laravel/framework/src/Illuminate/Pipeline/Pipeline.php(167): Illuminate\\Foundation\\Http\\Middleware\\TransformsRequest->handle()
#23 /var/www/html/laraveles/appTiendaMovilesReparacion/vendor/laravel/framework/src/Illuminate/Foundation/Http/Middleware/ValidatePostSize.php(27): Illuminate\\Pipeline\\Pipeline->Illuminate\\Pipeline\\{closure}()
#24 /var/www/html/laraveles/appTiendaMovilesReparacion/vendor/laravel/framework/src/Illuminate/Pipeline/Pipeline.php(167): Illuminate\\Foundation\\Http\\Middleware\\ValidatePostSize->handle()
#25 /var/www/html/laraveles/appTiendaMovilesReparacion/vendor/laravel/framework/src/Illuminate/Foundation/Http/Middleware/PreventRequestsDuringMaintenance.php(86): Illuminate\\Pipeline\\Pipeline->Illuminate\\Pipeline\\{closure}()
#26 /var/www/html/laraveles/appTiendaMovilesReparacion/vendor/laravel/framework/src/Illuminate/Pipeline/Pipeline.php(167): Illuminate\\Foundation\\Http\\Middleware\\PreventRequestsDuringMaintenance->handle()
#27 /var/www/html/laraveles/appTiendaMovilesReparacion/vendor/fruitcake/laravel-cors/src/HandleCors.php(57): Illuminate\\Pipeline\\Pipeline->Illuminate\\Pipeline\\{closure}()
#28 /var/www/html/laraveles/appTiendaMovilesReparacion/vendor/laravel/framework/src/Illuminate/Pipeline/Pipeline.php(167): Fruitcake\\Cors\\HandleCors->handle()
#29 /var/www/html/laraveles/appTiendaMovilesReparacion/vendor/fideloper/proxy/src/TrustProxies.php(57): Illuminate\\Pipeline\\Pipeline->Illuminate\\Pipeline\\{closure}()
#30 /var/www/html/laraveles/appTiendaMovilesReparacion/vendor/laravel/framework/src/Illuminate/Pipeline/Pipeline.php(167): Fideloper\\Proxy\\TrustProxies->handle()
#31 /var/www/html/laraveles/appTiendaMovilesReparacion/vendor/laravel/framework/src/Illuminate/Pipeline/Pipeline.php(103): Illuminate\\Pipeline\\Pipeline->Illuminate\\Pipeline\\{closure}()
#32 /var/www/html/laraveles/appTiendaMovilesReparacion/vendor/laravel/framework/src/Illuminate/Foundation/Http/Kernel.php(141): Illuminate\\Pipeline\\Pipeline->then()
#33 /var/www/html/laraveles/appTiendaMovilesReparacion/vendor/laravel/framework/src/Illuminate/Foundation/Http/Kernel.php(110): Illuminate\\Foundation\\Http\\Kernel->sendRequestThroughRouter()
#34 /var/www/html/laraveles/appTiendaMovilesReparacion/public/index.php(52): Illuminate\\Foundation\\Http\\Kernel->handle()
#35 {main}
"} 
[2021-02-02 20:00:11] local.ERROR: Call to a member function update() on null {"exception":"[object] (Error(code: 0): Call to a member function update() on null at /var/www/html/laraveles/appTiendaMovilesReparacion/app/Http/Controllers/MovilController.php:48)
[stacktrace]
#0 /var/www/html/laraveles/appTiendaMovilesReparacion/vendor/laravel/framework/src/Illuminate/Routing/Controller.php(54): App\\Http\\Controllers\\MovilController->update()
#1 /var/www/html/laraveles/appTiendaMovilesReparacion/vendor/laravel/framework/src/Illuminate/Routing/ControllerDispatcher.php(45): Illuminate\\Routing\\Controller->callAction()
#2 /var/www/html/laraveles/appTiendaMovilesReparacion/vendor/laravel/framework/src/Illuminate/Routing/Route.php(254): Illuminate\\Routing\\ControllerDispatcher->dispatch()
#3 /var/www/html/laraveles/appTiendaMovilesReparacion/vendor/laravel/framework/src/Illuminate/Routing/Route.php(197): Illuminate\\Routing\\Route->runController()
#4 /var/www/html/laraveles/appTiendaMovilesReparacion/vendor/laravel/framework/src/Illuminate/Routing/Router.php(693): Illuminate\\Routing\\Route->run()
#5 /var/www/html/laraveles/appTiendaMovilesReparacion/vendor/laravel/framework/src/Illuminate/Pipeline/Pipeline.php(128): Illuminate\\Routing\\Router->Illuminate\\Routing\\{closure}()
#6 /var/www/html/laraveles/appTiendaMovilesReparacion/vendor/laravel/framework/src/Illuminate/Routing/Middleware/SubstituteBindings.php(41): Illuminate\\Pipeline\\Pipeline->Illuminate\\Pipeline\\{closure}()
#7 /var/www/html/laraveles/appTiendaMovilesReparacion/vendor/laravel/framework/src/Illuminate/Pipeline/Pipeline.php(167): Illuminate\\Routing\\Middleware\\SubstituteBindings->handle()
#8 /var/www/html/laraveles/appTiendaMovilesReparacion/vendor/laravel/framework/src/Illuminate/Routing/Middleware/ThrottleRequests.php(127): Illuminate\\Pipeline\\Pipeline->Illuminate\\Pipeline\\{closure}()
#9 /var/www/html/laraveles/appTiendaMovilesReparacion/vendor/laravel/framework/src/Illuminate/Routing/Middleware/ThrottleRequests.php(103): Illuminate\\Routing\\Middleware\\ThrottleRequests->handleRequest()
#10 /var/www/html/laraveles/appTiendaMovilesReparacion/vendor/laravel/framework/src/Illuminate/Routing/Middleware/ThrottleRequests.php(55): Illuminate\\Routing\\Middleware\\ThrottleRequests->handleRequestUsingNamedLimiter()
#11 /var/www/html/laraveles/appTiendaMovilesReparacion/vendor/laravel/framework/src/Illuminate/Pipeline/Pipeline.php(167): Illuminate\\Routing\\Middleware\\ThrottleRequests->handle()
#12 /var/www/html/laraveles/appTiendaMovilesReparacion/vendor/laravel/framework/src/Illuminate/Pipeline/Pipeline.php(103): Illuminate\\Pipeline\\Pipeline->Illuminate\\Pipeline\\{closure}()
#13 /var/www/html/laraveles/appTiendaMovilesReparacion/vendor/laravel/framework/src/Illuminate/Routing/Router.php(695): Illuminate\\Pipeline\\Pipeline->then()
#14 /var/www/html/laraveles/appTiendaMovilesReparacion/vendor/laravel/framework/src/Illuminate/Routing/Router.php(670): Illuminate\\Routing\\Router->runRouteWithinStack()
#15 /var/www/html/laraveles/appTiendaMovilesReparacion/vendor/laravel/framework/src/Illuminate/Routing/Router.php(636): Illuminate\\Routing\\Router->runRoute()
#16 /var/www/html/laraveles/appTiendaMovilesReparacion/vendor/laravel/framework/src/Illuminate/Routing/Router.php(625): Illuminate\\Routing\\Router->dispatchToRoute()
#17 /var/www/html/laraveles/appTiendaMovilesReparacion/vendor/laravel/framework/src/Illuminate/Foundation/Http/Kernel.php(166): Illuminate\\Routing\\Router->dispatch()
#18 /var/www/html/laraveles/appTiendaMovilesReparacion/vendor/laravel/framework/src/Illuminate/Pipeline/Pipeline.php(128): Illuminate\\Foundation\\Http\\Kernel->Illuminate\\Foundation\\Http\\{closure}()
#19 /var/www/html/laraveles/appTiendaMovilesReparacion/vendor/laravel/framework/src/Illuminate/Foundation/Http/Middleware/TransformsRequest.php(21): Illuminate\\Pipeline\\Pipeline->Illuminate\\Pipeline\\{closure}()
#20 /var/www/html/laraveles/appTiendaMovilesReparacion/vendor/laravel/framework/src/Illuminate/Pipeline/Pipeline.php(167): Illuminate\\Foundation\\Http\\Middleware\\TransformsRequest->handle()
#21 /var/www/html/laraveles/appTiendaMovilesReparacion/vendor/laravel/framework/src/Illuminate/Foundation/Http/Middleware/TransformsRequest.php(21): Illuminate\\Pipeline\\Pipeline->Illuminate\\Pipeline\\{closure}()
#22 /var/www/html/laraveles/appTiendaMovilesReparacion/vendor/laravel/framework/src/Illuminate/Pipeline/Pipeline.php(167): Illuminate\\Foundation\\Http\\Middleware\\TransformsRequest->handle()
#23 /var/www/html/laraveles/appTiendaMovilesReparacion/vendor/laravel/framework/src/Illuminate/Foundation/Http/Middleware/ValidatePostSize.php(27): Illuminate\\Pipeline\\Pipeline->Illuminate\\Pipeline\\{closure}()
#24 /var/www/html/laraveles/appTiendaMovilesReparacion/vendor/laravel/framework/src/Illuminate/Pipeline/Pipeline.php(167): Illuminate\\Foundation\\Http\\Middleware\\ValidatePostSize->handle()
#25 /var/www/html/laraveles/appTiendaMovilesReparacion/vendor/laravel/framework/src/Illuminate/Foundation/Http/Middleware/PreventRequestsDuringMaintenance.php(86): Illuminate\\Pipeline\\Pipeline->Illuminate\\Pipeline\\{closure}()
#26 /var/www/html/laraveles/appTiendaMovilesReparacion/vendor/laravel/framework/src/Illuminate/Pipeline/Pipeline.php(167): Illuminate\\Foundation\\Http\\Middleware\\PreventRequestsDuringMaintenance->handle()
#27 /var/www/html/laraveles/appTiendaMovilesReparacion/vendor/fruitcake/laravel-cors/src/HandleCors.php(57): Illuminate\\Pipeline\\Pipeline->Illuminate\\Pipeline\\{closure}()
#28 /var/www/html/laraveles/appTiendaMovilesReparacion/vendor/laravel/framework/src/Illuminate/Pipeline/Pipeline.php(167): Fruitcake\\Cors\\HandleCors->handle()
#29 /var/www/html/laraveles/appTiendaMovilesReparacion/vendor/fideloper/proxy/src/TrustProxies.php(57): Illuminate\\Pipeline\\Pipeline->Illuminate\\Pipeline\\{closure}()
#30 /var/www/html/laraveles/appTiendaMovilesReparacion/vendor/laravel/framework/src/Illuminate/Pipeline/Pipeline.php(167): Fideloper\\Proxy\\TrustProxies->handle()
#31 /var/www/html/laraveles/appTiendaMovilesReparacion/vendor/laravel/framework/src/Illuminate/Pipeline/Pipeline.php(103): Illuminate\\Pipeline\\Pipeline->Illuminate\\Pipeline\\{closure}()
#32 /var/www/html/laraveles/appTiendaMovilesReparacion/vendor/laravel/framework/src/Illuminate/Foundation/Http/Kernel.php(141): Illuminate\\Pipeline\\Pipeline->then()
#33 /var/www/html/laraveles/appTiendaMovilesReparacion/vendor/laravel/framework/src/Illuminate/Foundation/Http/Kernel.php(110): Illuminate\\Foundation\\Http\\Kernel->sendRequestThroughRouter()
#34 /var/www/html/laraveles/appTiendaMovilesReparacion/public/index.php(52): Illuminate\\Foundation\\Http\\Kernel->handle()
#35 {main}
"} 
[2021-02-02 20:02:51] local.ERROR: Call to a member function update() on null {"exception":"[object] (Error(code: 0): Call to a member function update() on null at /var/www/html/laraveles/appTiendaMovilesReparacion/app/Http/Controllers/MovilController.php:48)
[stacktrace]
#0 /var/www/html/laraveles/appTiendaMovilesReparacion/vendor/laravel/framework/src/Illuminate/Routing/Controller.php(54): App\\Http\\Controllers\\MovilController->update()
#1 /var/www/html/laraveles/appTiendaMovilesReparacion/vendor/laravel/framework/src/Illuminate/Routing/ControllerDispatcher.php(45): Illuminate\\Routing\\Controller->callAction()
#2 /var/www/html/laraveles/appTiendaMovilesReparacion/vendor/laravel/framework/src/Illuminate/Routing/Route.php(254): Illuminate\\Routing\\ControllerDispatcher->dispatch()
#3 /var/www/html/laraveles/appTiendaMovilesReparacion/vendor/laravel/framework/src/Illuminate/Routing/Route.php(197): Illuminate\\Routing\\Route->runController()
#4 /var/www/html/laraveles/appTiendaMovilesReparacion/vendor/laravel/framework/src/Illuminate/Routing/Router.php(693): Illuminate\\Routing\\Route->run()
#5 /var/www/html/laraveles/appTiendaMovilesReparacion/vendor/laravel/framework/src/Illuminate/Pipeline/Pipeline.php(128): Illuminate\\Routing\\Router->Illuminate\\Routing\\{closure}()
#6 /var/www/html/laraveles/appTiendaMovilesReparacion/vendor/laravel/framework/src/Illuminate/Routing/Middleware/SubstituteBindings.php(41): Illuminate\\Pipeline\\Pipeline->Illuminate\\Pipeline\\{closure}()
#7 /var/www/html/laraveles/appTiendaMovilesReparacion/vendor/laravel/framework/src/Illuminate/Pipeline/Pipeline.php(167): Illuminate\\Routing\\Middleware\\SubstituteBindings->handle()
#8 /var/www/html/laraveles/appTiendaMovilesReparacion/vendor/laravel/framework/src/Illuminate/Routing/Middleware/ThrottleRequests.php(127): Illuminate\\Pipeline\\Pipeline->Illuminate\\Pipeline\\{closure}()
#9 /var/www/html/laraveles/appTiendaMovilesReparacion/vendor/laravel/framework/src/Illuminate/Routing/Middleware/ThrottleRequests.php(103): Illuminate\\Routing\\Middleware\\ThrottleRequests->handleRequest()
#10 /var/www/html/laraveles/appTiendaMovilesReparacion/vendor/laravel/framework/src/Illuminate/Routing/Middleware/ThrottleRequests.php(55): Illuminate\\Routing\\Middleware\\ThrottleRequests->handleRequestUsingNamedLimiter()
#11 /var/www/html/laraveles/appTiendaMovilesReparacion/vendor/laravel/framework/src/Illuminate/Pipeline/Pipeline.php(167): Illuminate\\Routing\\Middleware\\ThrottleRequests->handle()
#12 /var/www/html/laraveles/appTiendaMovilesReparacion/vendor/laravel/framework/src/Illuminate/Pipeline/Pipeline.php(103): Illuminate\\Pipeline\\Pipeline->Illuminate\\Pipeline\\{closure}()
#13 /var/www/html/laraveles/appTiendaMovilesReparacion/vendor/laravel/framework/src/Illuminate/Routing/Router.php(695): Illuminate\\Pipeline\\Pipeline->then()
#14 /var/www/html/laraveles/appTiendaMovilesReparacion/vendor/laravel/framework/src/Illuminate/Routing/Router.php(670): Illuminate\\Routing\\Router->runRouteWithinStack()
#15 /var/www/html/laraveles/appTiendaMovilesReparacion/vendor/laravel/framework/src/Illuminate/Routing/Router.php(636): Illuminate\\Routing\\Router->runRoute()
#16 /var/www/html/laraveles/appTiendaMovilesReparacion/vendor/laravel/framework/src/Illuminate/Routing/Router.php(625): Illuminate\\Routing\\Router->dispatchToRoute()
#17 /var/www/html/laraveles/appTiendaMovilesReparacion/vendor/laravel/framework/src/Illuminate/Foundation/Http/Kernel.php(166): Illuminate\\Routing\\Router->dispatch()
#18 /var/www/html/laraveles/appTiendaMovilesReparacion/vendor/laravel/framework/src/Illuminate/Pipeline/Pipeline.php(128): Illuminate\\Foundation\\Http\\Kernel->Illuminate\\Foundation\\Http\\{closure}()
#19 /var/www/html/laraveles/appTiendaMovilesReparacion/vendor/laravel/framework/src/Illuminate/Foundation/Http/Middleware/TransformsRequest.php(21): Illuminate\\Pipeline\\Pipeline->Illuminate\\Pipeline\\{closure}()
#20 /var/www/html/laraveles/appTiendaMovilesReparacion/vendor/laravel/framework/src/Illuminate/Pipeline/Pipeline.php(167): Illuminate\\Foundation\\Http\\Middleware\\TransformsRequest->handle()
#21 /var/www/html/laraveles/appTiendaMovilesReparacion/vendor/laravel/framework/src/Illuminate/Foundation/Http/Middleware/TransformsRequest.php(21): Illuminate\\Pipeline\\Pipeline->Illuminate\\Pipeline\\{closure}()
#22 /var/www/html/laraveles/appTiendaMovilesReparacion/vendor/laravel/framework/src/Illuminate/Pipeline/Pipeline.php(167): Illuminate\\Foundation\\Http\\Middleware\\TransformsRequest->handle()
#23 /var/www/html/laraveles/appTiendaMovilesReparacion/vendor/laravel/framework/src/Illuminate/Foundation/Http/Middleware/ValidatePostSize.php(27): Illuminate\\Pipeline\\Pipeline->Illuminate\\Pipeline\\{closure}()
#24 /var/www/html/laraveles/appTiendaMovilesReparacion/vendor/laravel/framework/src/Illuminate/Pipeline/Pipeline.php(167): Illuminate\\Foundation\\Http\\Middleware\\ValidatePostSize->handle()
#25 /var/www/html/laraveles/appTiendaMovilesReparacion/vendor/laravel/framework/src/Illuminate/Foundation/Http/Middleware/PreventRequestsDuringMaintenance.php(86): Illuminate\\Pipeline\\Pipeline->Illuminate\\Pipeline\\{closure}()
#26 /var/www/html/laraveles/appTiendaMovilesReparacion/vendor/laravel/framework/src/Illuminate/Pipeline/Pipeline.php(167): Illuminate\\Foundation\\Http\\Middleware\\PreventRequestsDuringMaintenance->handle()
#27 /var/www/html/laraveles/appTiendaMovilesReparacion/vendor/fruitcake/laravel-cors/src/HandleCors.php(57): Illuminate\\Pipeline\\Pipeline->Illuminate\\Pipeline\\{closure}()
#28 /var/www/html/laraveles/appTiendaMovilesReparacion/vendor/laravel/framework/src/Illuminate/Pipeline/Pipeline.php(167): Fruitcake\\Cors\\HandleCors->handle()
#29 /var/www/html/laraveles/appTiendaMovilesReparacion/vendor/fideloper/proxy/src/TrustProxies.php(57): Illuminate\\Pipeline\\Pipeline->Illuminate\\Pipeline\\{closure}()
#30 /var/www/html/laraveles/appTiendaMovilesReparacion/vendor/laravel/framework/src/Illuminate/Pipeline/Pipeline.php(167): Fideloper\\Proxy\\TrustProxies->handle()
#31 /var/www/html/laraveles/appTiendaMovilesReparacion/vendor/laravel/framework/src/Illuminate/Pipeline/Pipeline.php(103): Illuminate\\Pipeline\\Pipeline->Illuminate\\Pipeline\\{closure}()
#32 /var/www/html/laraveles/appTiendaMovilesReparacion/vendor/laravel/framework/src/Illuminate/Foundation/Http/Kernel.php(141): Illuminate\\Pipeline\\Pipeline->then()
#33 /var/www/html/laraveles/appTiendaMovilesReparacion/vendor/laravel/framework/src/Illuminate/Foundation/Http/Kernel.php(110): Illuminate\\Foundation\\Http\\Kernel->sendRequestThroughRouter()
#34 /var/www/html/laraveles/appTiendaMovilesReparacion/public/index.php(52): Illuminate\\Foundation\\Http\\Kernel->handle()
#35 {main}
"} 
[2021-02-02 21:08:04] local.ERROR: Call to a member function update() on null {"exception":"[object] (Error(code: 0): Call to a member function update() on null at /var/www/html/laraveles/appTiendaMovilesReparacion/app/Http/Controllers/MovilController.php:48)
[stacktrace]
#0 /var/www/html/laraveles/appTiendaMovilesReparacion/vendor/laravel/framework/src/Illuminate/Routing/Controller.php(54): App\\Http\\Controllers\\MovilController->update()
#1 /var/www/html/laraveles/appTiendaMovilesReparacion/vendor/laravel/framework/src/Illuminate/Routing/ControllerDispatcher.php(45): Illuminate\\Routing\\Controller->callAction()
#2 /var/www/html/laraveles/appTiendaMovilesReparacion/vendor/laravel/framework/src/Illuminate/Routing/Route.php(254): Illuminate\\Routing\\ControllerDispatcher->dispatch()
#3 /var/www/html/laraveles/appTiendaMovilesReparacion/vendor/laravel/framework/src/Illuminate/Routing/Route.php(197): Illuminate\\Routing\\Route->runController()
#4 /var/www/html/laraveles/appTiendaMovilesReparacion/vendor/laravel/framework/src/Illuminate/Routing/Router.php(693): Illuminate\\Routing\\Route->run()
#5 /var/www/html/laraveles/appTiendaMovilesReparacion/vendor/laravel/framework/src/Illuminate/Pipeline/Pipeline.php(128): Illuminate\\Routing\\Router->Illuminate\\Routing\\{closure}()
#6 /var/www/html/laraveles/appTiendaMovilesReparacion/vendor/laravel/framework/src/Illuminate/Routing/Middleware/SubstituteBindings.php(41): Illuminate\\Pipeline\\Pipeline->Illuminate\\Pipeline\\{closure}()
#7 /var/www/html/laraveles/appTiendaMovilesReparacion/vendor/laravel/framework/src/Illuminate/Pipeline/Pipeline.php(167): Illuminate\\Routing\\Middleware\\SubstituteBindings->handle()
#8 /var/www/html/laraveles/appTiendaMovilesReparacion/vendor/laravel/framework/src/Illuminate/Routing/Middleware/ThrottleRequests.php(127): Illuminate\\Pipeline\\Pipeline->Illuminate\\Pipeline\\{closure}()
#9 /var/www/html/laraveles/appTiendaMovilesReparacion/vendor/laravel/framework/src/Illuminate/Routing/Middleware/ThrottleRequests.php(103): Illuminate\\Routing\\Middleware\\ThrottleRequests->handleRequest()
#10 /var/www/html/laraveles/appTiendaMovilesReparacion/vendor/laravel/framework/src/Illuminate/Routing/Middleware/ThrottleRequests.php(55): Illuminate\\Routing\\Middleware\\ThrottleRequests->handleRequestUsingNamedLimiter()
#11 /var/www/html/laraveles/appTiendaMovilesReparacion/vendor/laravel/framework/src/Illuminate/Pipeline/Pipeline.php(167): Illuminate\\Routing\\Middleware\\ThrottleRequests->handle()
#12 /var/www/html/laraveles/appTiendaMovilesReparacion/vendor/laravel/framework/src/Illuminate/Pipeline/Pipeline.php(103): Illuminate\\Pipeline\\Pipeline->Illuminate\\Pipeline\\{closure}()
#13 /var/www/html/laraveles/appTiendaMovilesReparacion/vendor/laravel/framework/src/Illuminate/Routing/Router.php(695): Illuminate\\Pipeline\\Pipeline->then()
#14 /var/www/html/laraveles/appTiendaMovilesReparacion/vendor/laravel/framework/src/Illuminate/Routing/Router.php(670): Illuminate\\Routing\\Router->runRouteWithinStack()
#15 /var/www/html/laraveles/appTiendaMovilesReparacion/vendor/laravel/framework/src/Illuminate/Routing/Router.php(636): Illuminate\\Routing\\Router->runRoute()
#16 /var/www/html/laraveles/appTiendaMovilesReparacion/vendor/laravel/framework/src/Illuminate/Routing/Router.php(625): Illuminate\\Routing\\Router->dispatchToRoute()
#17 /var/www/html/laraveles/appTiendaMovilesReparacion/vendor/laravel/framework/src/Illuminate/Foundation/Http/Kernel.php(166): Illuminate\\Routing\\Router->dispatch()
#18 /var/www/html/laraveles/appTiendaMovilesReparacion/vendor/laravel/framework/src/Illuminate/Pipeline/Pipeline.php(128): Illuminate\\Foundation\\Http\\Kernel->Illuminate\\Foundation\\Http\\{closure}()
#19 /var/www/html/laraveles/appTiendaMovilesReparacion/vendor/laravel/framework/src/Illuminate/Foundation/Http/Middleware/TransformsRequest.php(21): Illuminate\\Pipeline\\Pipeline->Illuminate\\Pipeline\\{closure}()
#20 /var/www/html/laraveles/appTiendaMovilesReparacion/vendor/laravel/framework/src/Illuminate/Pipeline/Pipeline.php(167): Illuminate\\Foundation\\Http\\Middleware\\TransformsRequest->handle()
#21 /var/www/html/laraveles/appTiendaMovilesReparacion/vendor/laravel/framework/src/Illuminate/Foundation/Http/Middleware/TransformsRequest.php(21): Illuminate\\Pipeline\\Pipeline->Illuminate\\Pipeline\\{closure}()
#22 /var/www/html/laraveles/appTiendaMovilesReparacion/vendor/laravel/framework/src/Illuminate/Pipeline/Pipeline.php(167): Illuminate\\Foundation\\Http\\Middleware\\TransformsRequest->handle()
#23 /var/www/html/laraveles/appTiendaMovilesReparacion/vendor/laravel/framework/src/Illuminate/Foundation/Http/Middleware/ValidatePostSize.php(27): Illuminate\\Pipeline\\Pipeline->Illuminate\\Pipeline\\{closure}()
#24 /var/www/html/laraveles/appTiendaMovilesReparacion/vendor/laravel/framework/src/Illuminate/Pipeline/Pipeline.php(167): Illuminate\\Foundation\\Http\\Middleware\\ValidatePostSize->handle()
#25 /var/www/html/laraveles/appTiendaMovilesReparacion/vendor/laravel/framework/src/Illuminate/Foundation/Http/Middleware/PreventRequestsDuringMaintenance.php(86): Illuminate\\Pipeline\\Pipeline->Illuminate\\Pipeline\\{closure}()
#26 /var/www/html/laraveles/appTiendaMovilesReparacion/vendor/laravel/framework/src/Illuminate/Pipeline/Pipeline.php(167): Illuminate\\Foundation\\Http\\Middleware\\PreventRequestsDuringMaintenance->handle()
#27 /var/www/html/laraveles/appTiendaMovilesReparacion/vendor/fruitcake/laravel-cors/src/HandleCors.php(57): Illuminate\\Pipeline\\Pipeline->Illuminate\\Pipeline\\{closure}()
#28 /var/www/html/laraveles/appTiendaMovilesReparacion/vendor/laravel/framework/src/Illuminate/Pipeline/Pipeline.php(167): Fruitcake\\Cors\\HandleCors->handle()
#29 /var/www/html/laraveles/appTiendaMovilesReparacion/vendor/fideloper/proxy/src/TrustProxies.php(57): Illuminate\\Pipeline\\Pipeline->Illuminate\\Pipeline\\{closure}()
#30 /var/www/html/laraveles/appTiendaMovilesReparacion/vendor/laravel/framework/src/Illuminate/Pipeline/Pipeline.php(167): Fideloper\\Proxy\\TrustProxies->handle()
#31 /var/www/html/laraveles/appTiendaMovilesReparacion/vendor/laravel/framework/src/Illuminate/Pipeline/Pipeline.php(103): Illuminate\\Pipeline\\Pipeline->Illuminate\\Pipeline\\{closure}()
#32 /var/www/html/laraveles/appTiendaMovilesReparacion/vendor/laravel/framework/src/Illuminate/Foundation/Http/Kernel.php(141): Illuminate\\Pipeline\\Pipeline->then()
#33 /var/www/html/laraveles/appTiendaMovilesReparacion/vendor/laravel/framework/src/Illuminate/Foundation/Http/Kernel.php(110): Illuminate\\Foundation\\Http\\Kernel->sendRequestThroughRouter()
#34 /var/www/html/laraveles/appTiendaMovilesReparacion/public/index.php(52): Illuminate\\Foundation\\Http\\Kernel->handle()
#35 {main}
"} 
[2021-02-02 21:44:50] local.ERROR: Call to a member function update() on null {"exception":"[object] (Error(code: 0): Call to a member function update() on null at /var/www/html/laraveles/appTiendaMovilesReparacion/app/Http/Controllers/MovilController.php:48)
[stacktrace]
#0 /var/www/html/laraveles/appTiendaMovilesReparacion/vendor/laravel/framework/src/Illuminate/Routing/Controller.php(54): App\\Http\\Controllers\\MovilController->update()
#1 /var/www/html/laraveles/appTiendaMovilesReparacion/vendor/laravel/framework/src/Illuminate/Routing/ControllerDispatcher.php(45): Illuminate\\Routing\\Controller->callAction()
#2 /var/www/html/laraveles/appTiendaMovilesReparacion/vendor/laravel/framework/src/Illuminate/Routing/Route.php(254): Illuminate\\Routing\\ControllerDispatcher->dispatch()
#3 /var/www/html/laraveles/appTiendaMovilesReparacion/vendor/laravel/framework/src/Illuminate/Routing/Route.php(197): Illuminate\\Routing\\Route->runController()
#4 /var/www/html/laraveles/appTiendaMovilesReparacion/vendor/laravel/framework/src/Illuminate/Routing/Router.php(693): Illuminate\\Routing\\Route->run()
#5 /var/www/html/laraveles/appTiendaMovilesReparacion/vendor/laravel/framework/src/Illuminate/Pipeline/Pipeline.php(128): Illuminate\\Routing\\Router->Illuminate\\Routing\\{closure}()
#6 /var/www/html/laraveles/appTiendaMovilesReparacion/vendor/laravel/framework/src/Illuminate/Routing/Middleware/SubstituteBindings.php(41): Illuminate\\Pipeline\\Pipeline->Illuminate\\Pipeline\\{closure}()
#7 /var/www/html/laraveles/appTiendaMovilesReparacion/vendor/laravel/framework/src/Illuminate/Pipeline/Pipeline.php(167): Illuminate\\Routing\\Middleware\\SubstituteBindings->handle()
#8 /var/www/html/laraveles/appTiendaMovilesReparacion/vendor/laravel/framework/src/Illuminate/Routing/Middleware/ThrottleRequests.php(127): Illuminate\\Pipeline\\Pipeline->Illuminate\\Pipeline\\{closure}()
#9 /var/www/html/laraveles/appTiendaMovilesReparacion/vendor/laravel/framework/src/Illuminate/Routing/Middleware/ThrottleRequests.php(103): Illuminate\\Routing\\Middleware\\ThrottleRequests->handleRequest()
#10 /var/www/html/laraveles/appTiendaMovilesReparacion/vendor/laravel/framework/src/Illuminate/Routing/Middleware/ThrottleRequests.php(55): Illuminate\\Routing\\Middleware\\ThrottleRequests->handleRequestUsingNamedLimiter()
#11 /var/www/html/laraveles/appTiendaMovilesReparacion/vendor/laravel/framework/src/Illuminate/Pipeline/Pipeline.php(167): Illuminate\\Routing\\Middleware\\ThrottleRequests->handle()
#12 /var/www/html/laraveles/appTiendaMovilesReparacion/vendor/laravel/framework/src/Illuminate/Pipeline/Pipeline.php(103): Illuminate\\Pipeline\\Pipeline->Illuminate\\Pipeline\\{closure}()
#13 /var/www/html/laraveles/appTiendaMovilesReparacion/vendor/laravel/framework/src/Illuminate/Routing/Router.php(695): Illuminate\\Pipeline\\Pipeline->then()
#14 /var/www/html/laraveles/appTiendaMovilesReparacion/vendor/laravel/framework/src/Illuminate/Routing/Router.php(670): Illuminate\\Routing\\Router->runRouteWithinStack()
#15 /var/www/html/laraveles/appTiendaMovilesReparacion/vendor/laravel/framework/src/Illuminate/Routing/Router.php(636): Illuminate\\Routing\\Router->runRoute()
#16 /var/www/html/laraveles/appTiendaMovilesReparacion/vendor/laravel/framework/src/Illuminate/Routing/Router.php(625): Illuminate\\Routing\\Router->dispatchToRoute()
#17 /var/www/html/laraveles/appTiendaMovilesReparacion/vendor/laravel/framework/src/Illuminate/Foundation/Http/Kernel.php(166): Illuminate\\Routing\\Router->dispatch()
#18 /var/www/html/laraveles/appTiendaMovilesReparacion/vendor/laravel/framework/src/Illuminate/Pipeline/Pipeline.php(128): Illuminate\\Foundation\\Http\\Kernel->Illuminate\\Foundation\\Http\\{closure}()
#19 /var/www/html/laraveles/appTiendaMovilesReparacion/vendor/laravel/framework/src/Illuminate/Foundation/Http/Middleware/TransformsRequest.php(21): Illuminate\\Pipeline\\Pipeline->Illuminate\\Pipeline\\{closure}()
#20 /var/www/html/laraveles/appTiendaMovilesReparacion/vendor/laravel/framework/src/Illuminate/Pipeline/Pipeline.php(167): Illuminate\\Foundation\\Http\\Middleware\\TransformsRequest->handle()
#21 /var/www/html/laraveles/appTiendaMovilesReparacion/vendor/laravel/framework/src/Illuminate/Foundation/Http/Middleware/TransformsRequest.php(21): Illuminate\\Pipeline\\Pipeline->Illuminate\\Pipeline\\{closure}()
#22 /var/www/html/laraveles/appTiendaMovilesReparacion/vendor/laravel/framework/src/Illuminate/Pipeline/Pipeline.php(167): Illuminate\\Foundation\\Http\\Middleware\\TransformsRequest->handle()
#23 /var/www/html/laraveles/appTiendaMovilesReparacion/vendor/laravel/framework/src/Illuminate/Foundation/Http/Middleware/ValidatePostSize.php(27): Illuminate\\Pipeline\\Pipeline->Illuminate\\Pipeline\\{closure}()
#24 /var/www/html/laraveles/appTiendaMovilesReparacion/vendor/laravel/framework/src/Illuminate/Pipeline/Pipeline.php(167): Illuminate\\Foundation\\Http\\Middleware\\ValidatePostSize->handle()
#25 /var/www/html/laraveles/appTiendaMovilesReparacion/vendor/laravel/framework/src/Illuminate/Foundation/Http/Middleware/PreventRequestsDuringMaintenance.php(86): Illuminate\\Pipeline\\Pipeline->Illuminate\\Pipeline\\{closure}()
#26 /var/www/html/laraveles/appTiendaMovilesReparacion/vendor/laravel/framework/src/Illuminate/Pipeline/Pipeline.php(167): Illuminate\\Foundation\\Http\\Middleware\\PreventRequestsDuringMaintenance->handle()
#27 /var/www/html/laraveles/appTiendaMovilesReparacion/vendor/fruitcake/laravel-cors/src/HandleCors.php(57): Illuminate\\Pipeline\\Pipeline->Illuminate\\Pipeline\\{closure}()
#28 /var/www/html/laraveles/appTiendaMovilesReparacion/vendor/laravel/framework/src/Illuminate/Pipeline/Pipeline.php(167): Fruitcake\\Cors\\HandleCors->handle()
#29 /var/www/html/laraveles/appTiendaMovilesReparacion/vendor/fideloper/proxy/src/TrustProxies.php(57): Illuminate\\Pipeline\\Pipeline->Illuminate\\Pipeline\\{closure}()
#30 /var/www/html/laraveles/appTiendaMovilesReparacion/vendor/laravel/framework/src/Illuminate/Pipeline/Pipeline.php(167): Fideloper\\Proxy\\TrustProxies->handle()
#31 /var/www/html/laraveles/appTiendaMovilesReparacion/vendor/laravel/framework/src/Illuminate/Pipeline/Pipeline.php(103): Illuminate\\Pipeline\\Pipeline->Illuminate\\Pipeline\\{closure}()
#32 /var/www/html/laraveles/appTiendaMovilesReparacion/vendor/laravel/framework/src/Illuminate/Foundation/Http/Kernel.php(141): Illuminate\\Pipeline\\Pipeline->then()
#33 /var/www/html/laraveles/appTiendaMovilesReparacion/vendor/laravel/framework/src/Illuminate/Foundation/Http/Kernel.php(110): Illuminate\\Foundation\\Http\\Kernel->sendRequestThroughRouter()
#34 /var/www/html/laraveles/appTiendaMovilesReparacion/public/index.php(52): Illuminate\\Foundation\\Http\\Kernel->handle()
#35 {main}
"} 
